<?xml version="1.0" encoding="UTF-8"?>
<testExecutions version="1">
  <!-- Representa um arquivo de teste. O 'path' deve ser relativo à raiz do projeto. -->
  <file path="path/to/your/project/index.test.js">
    <!-- Teste que passou -->
    <testCase name="deve calcular o desconto corretamente para um valor válido" duration="1" />
    <!-- Teste que falhou -->
    <testCase name="deve retornar o preço original se a porcentagem de desconto for inválida" duration="1">
      <failure message="expected 100 to be 200">
        <![CDATA[
        Error: expected 100 to be 200
            at Object.<anonymous> (/path/to/your/project/index.test.js:10:18)
            at Promise.then.completed (/path/to/your/project/node_modules/jest-circus/build/index.js:264:28)
            at new Promise (<anonymous>)
            at callAsyncCircusFn (/path/to/your/project/node_modules/jest-circus/build/index.js:218:10)
            at _callCircusTest (/path/to/your/project/node_modules/jest-circus/build/index.js:250:40)
            at processTicksAndRejections (node:internal/process/task_queues:95:5)
        ]]>
      </failure>
    </testCase>
  </file>

  <!-- Outro arquivo de teste, se houver -->
  <file path="path/to/your/project/greeting.test.js">
    <!-- Teste que passou -->
    <testCase name="deve saudar o usuário corretamente" duration="2" />
  </file>
</testExecutions>
